2026-02-15T18:42:02.6045105+00:00 Microsoft.Testing.Platform.Builder.TestApplication INFORMATION Version: 1.6.2+88f8ce447cd12b629fcfe5e61d80dcc0c8cab8ec
2026-02-15T18:42:02.6122645+00:00 Microsoft.Testing.Platform.Builder.TestApplication INFORMATION Logging mode: asynchronous
2026-02-15T18:42:02.6131294+00:00 Microsoft.Testing.Platform.Builder.TestApplication INFORMATION Logging level: Information
2026-02-15T18:42:02.6131336+00:00 Microsoft.Testing.Platform.Builder.TestApplication INFORMATION CreateBuilderAsync entry time: 18:42:02.584
2026-02-15T18:42:02.6142056+00:00 Microsoft.Testing.Platform.Builder.TestApplication INFORMATION PID: 12224
2026-02-15T18:42:02.6142913+00:00 Microsoft.Testing.Platform.Builder.TestApplication INFORMATION Runtime information: win-x64 - .NET 8.0.20
2026-02-15T18:42:02.6142981+00:00 Microsoft.Testing.Platform.Builder.TestApplication INFORMATION Runtime location: C:\Program Files\dotnet\shared\Microsoft.NETCore.App\8.0.20\System.Private.CoreLib.dll
2026-02-15T18:42:02.6143048+00:00 Microsoft.Testing.Platform.Builder.TestApplication INFORMATION IsDynamicCodeSupported: True
2026-02-15T18:42:02.6143068+00:00 Microsoft.Testing.Platform.Builder.TestApplication INFORMATION Test module: C:\Develop\BIVT-25-Lab-7\Lab7Test\bin\Debug\net8.0\Lab7Test.dll
2026-02-15T18:42:02.6144347+00:00 Microsoft.Testing.Platform.Builder.TestApplication INFORMATION Command line arguments: '--server --diagnostic --diagnostic-verbosity Information --diagnostic-output-directory C:\Develop\BIVT-25-Lab-7\Lab7Test\bin\Debug\net8.0\Log --client-port 54736'
2026-02-15T18:42:02.6153552+00:00 Microsoft.Testing.Platform.Builder.TestApplication INFORMATION TESTINGPLATFORM_DEFAULT_HANG_TIMEOUT: ''
2026-02-15T18:42:02.6317039+00:00 Microsoft.Testing.Platform.Hosts.TestHostBuilder INFORMATION Setting RegisterEnvironmentVariablesConfigurationSource: 'True'
2026-02-15T18:42:02.6413164+00:00 Microsoft.Testing.Platform.Hosts.TestHostBuilder INFORMATION Setting PlatformExitProcessOnUnhandledException: 'False', config file: False environment variable:  VSTest mode: False
2026-02-15T18:42:02.7453752+00:00 Microsoft.Testing.Platform.Requests.TestHostTestFrameworkInvoker INFORMATION Test framework UID: 'MSTestExtension' Version: '3.8.2' DisplayName: 'MSTest' Description: 'MSTest Framework for Microsoft Testing Platform'
2026-02-15T18:42:02.7517591+00:00 Microsoft.Testing.Extensions.VSTestBridge.ObjectModel.MessageLoggerAdapter WARNING Сборщики данных Runsettings не поддерживаются в Microsoft.Testing.Platform и будут пропущены
2026-02-15T18:42:02.7673425+00:00 mstest-trace INFORMATION MSTestExecutor.RunTests: Running tests from sources.
2026-02-15T18:42:02.7698950+00:00 mstest-trace INFORMATION CollectSourceInformation value found : True 
2026-02-15T18:42:02.7920360+00:00 mstest-trace INFORMATION MSTestDiscoverer: Found 16 tests from source C:\Develop\BIVT-25-Lab-7\Lab7Test\bin\Debug\net8.0\Lab7Test.dll
2026-02-15T18:42:02.8134040+00:00 mstest-trace INFORMATION Created unit-test runner C:\Develop\BIVT-25-Lab-7\Lab7Test\bin\Debug\net8.0\Lab7Test.dll
2026-02-15T18:42:02.8175653+00:00 Microsoft.Testing.Extensions.VSTestBridge.ObjectModel.MessageLoggerAdapter INFORMATION Test Parallelization enabled for C:\Develop\BIVT-25-Lab-7\Lab7Test\bin\Debug\net8.0\Lab7Test.dll (Workers: 1, Scope: MethodLevel)
2026-02-15T18:42:02.8249656+00:00 mstest-trace INFORMATION Executing test Test_00_OOP
2026-02-15T18:42:02.8563710+00:00 mstest-trace INFORMATION Executed test Test_00_OOP
2026-02-15T18:42:02.8604211+00:00 mstest-trace INFORMATION Executing test Test_01_Create
2026-02-15T18:42:02.8626077+00:00 mstest-trace INFORMATION Executed test Test_01_Create
2026-02-15T18:42:02.8627511+00:00 mstest-trace INFORMATION Executing test Test_02_Init
2026-02-15T18:42:02.8635628+00:00 mstest-trace INFORMATION Executed test Test_02_Init
2026-02-15T18:42:02.8636653+00:00 mstest-trace INFORMATION Executing test Test_03_PlayMatches
2026-02-15T18:42:02.8707873+00:00 mstest-trace INFORMATION Executed test Test_03_PlayMatches
2026-02-15T18:42:02.8708603+00:00 mstest-trace INFORMATION MSTestExecutor:Test Lab7Test.Blue.Task3.Test_03_PlayMatches failed. ErrorMessage:Сбой Assert.AreEqual. Ожидается: <10>. Фактически: <0>. , ErrorStackTrace:   at Lab7Test.Blue.Task3.CheckStruct(Boolean matchesExpected) in C:\Develop\BIVT-25-Lab-7\Lab7Test\Blue\Task3.cs:line 152
   at Lab7Test.Blue.Task3.Test_03_PlayMatches() in C:\Develop\BIVT-25-Lab-7\Lab7Test\Blue\Task3.cs:line 79
   at System.RuntimeMethodHandle.InvokeMethod(Object target, Void** arguments, Signature sig, Boolean isConstructor)
   at System.Reflection.MethodBaseInvoker.InvokeWithNoArgs(Object obj, BindingFlags invokeAttr)
.
2026-02-15T18:42:02.8710093+00:00 mstest-trace INFORMATION Executing test Test_04_Sort
2026-02-15T18:42:02.8740796+00:00 mstest-trace INFORMATION Executed test Test_04_Sort
2026-02-15T18:42:02.8741310+00:00 mstest-trace INFORMATION MSTestExecutor:Test Lab7Test.Blue.Task3.Test_04_Sort failed. ErrorMessage:Test method Lab7Test.Blue.Task3.Test_04_Sort threw exception: 
System.InvalidOperationException: Failed to compare two elements in the array. ---> System.ArgumentException: At least one object must implement IComparable., ErrorStackTrace:    at System.Collections.Comparer.Compare(Object a, Object b)
   at System.Collections.Generic.ObjectComparer`1.Compare(T x, T y)
   at System.Collections.Generic.ArraySortHelper`1.InsertionSort(Span`1 keys, Comparison`1 comparer)
   at System.Collections.Generic.ArraySortHelper`1.IntroSort(Span`1 keys, Int32 depthLimit, Comparison`1 comparer)
   at System.Collections.Generic.ArraySortHelper`1.IntrospectiveSort(Span`1 keys, Comparison`1 comparer)
   at System.Collections.Generic.ArraySortHelper`1.Sort(Span`1 keys, IComparer`1 comparer)
--- End of inner exception stack trace ---
    at System.Collections.Generic.ArraySortHelper`1.Sort(Span`1 keys, IComparer`1 comparer)
   at System.Array.Sort[T](T[] array)
   at Lab7.Blue.Task3.Participant.Sort(Participant[] array) in C:\Develop\BIVT-25-Lab-7\Lab7\Blue\Task3.cs:line 51
   at Lab7Test.Blue.Task3.Test_04_Sort() in C:\Develop\BIVT-25-Lab-7\Lab7Test\Blue\Task3.cs:line 88
   at System.RuntimeMethodHandle.InvokeMethod(Object target, Void** arguments, Signature sig, Boolean isConstructor)
   at System.Reflection.MethodBaseInvoker.InvokeWithNoArgs(Object obj, BindingFlags invokeAttr)
.
2026-02-15T18:42:02.8741986+00:00 mstest-trace INFORMATION Executing test Test_05_ArrayLinq
2026-02-15T18:42:02.8757231+00:00 mstest-trace INFORMATION Executed test Test_05_ArrayLinq
2026-02-15T18:42:02.8757694+00:00 mstest-trace INFORMATION MSTestExecutor:Test Lab7Test.Blue.Task3.Test_05_ArrayLinq failed. ErrorMessage:Сбой Assert.AreEqual. Ожидается: <10>. Фактически: <0>. , ErrorStackTrace:   at Lab7Test.Blue.Task3.CheckStruct(Boolean matchesExpected) in C:\Develop\BIVT-25-Lab-7\Lab7Test\Blue\Task3.cs:line 152
   at Lab7Test.Blue.Task3.Test_05_ArrayLinq() in C:\Develop\BIVT-25-Lab-7\Lab7Test\Blue\Task3.cs:line 106
   at System.RuntimeMethodHandle.InvokeMethod(Object target, Void** arguments, Signature sig, Boolean isConstructor)
   at System.Reflection.MethodBaseInvoker.InvokeWithNoArgs(Object obj, BindingFlags invokeAttr)
.
2026-02-15T18:42:02.8760739+00:00 mstest-trace INFORMATION Executed tests belonging to source C:\Develop\BIVT-25-Lab-7\Lab7Test\bin\Debug\net8.0\Lab7Test.dll
